{"/home/silas/projects/expenses-api/src/config/env.config.ts": {"path":"/home/silas/projects/expenses-api/src/config/env.config.ts","statementMap":{"0":{"start":{"line":1,"column":0},"end":{"line":1,"column":33}},"1":{"start":{"line":24,"column":4},"end":{"line":24,"column":20}},"2":{"start":{"line":25,"column":4},"end":{"line":25,"column":23}},"3":{"start":{"line":30,"column":4},"end":{"line":30,"column":64}},"4":{"start":{"line":31,"column":4},"end":{"line":31,"column":46}},"5":{"start":{"line":34,"column":4},"end":{"line":34,"column":51}},"6":{"start":{"line":35,"column":4},"end":{"line":35,"column":55}},"7":{"start":{"line":36,"column":4},"end":{"line":36,"column":51}},"8":{"start":{"line":37,"column":4},"end":{"line":37,"column":51}},"9":{"start":{"line":38,"column":4},"end":{"line":38,"column":56}},"10":{"start":{"line":39,"column":4},"end":{"line":39,"column":57}},"11":{"start":{"line":42,"column":4},"end":{"line":42,"column":44}},"12":{"start":{"line":43,"column":4},"end":{"line":43,"column":47}},"13":{"start":{"line":44,"column":4},"end":{"line":44,"column":56}},"14":{"start":{"line":47,"column":4},"end":{"line":47,"column":48}},"15":{"start":{"line":48,"column":4},"end":{"line":48,"column":48}},"16":{"start":{"line":49,"column":4},"end":{"line":49,"column":52}},"17":{"start":{"line":50,"column":4},"end":{"line":50,"column":52}},"18":{"start":{"line":54,"column":13},"end":{"line":54,"column":38}}},"fnMap":{"0":{"name":"(anonymous_6)","decl":{"start":{"line":23,"column":2},"end":{"line":23,"column":null}},"loc":{"start":{"line":23,"column":2},"end":{"line":26,"column":3}}},"1":{"name":"(anonymous_7)","decl":{"start":{"line":28,"column":2},"end":{"line":28,"column":13}},"loc":{"start":{"line":28,"column":13},"end":{"line":51,"column":3}}}},"branchMap":{"0":{"loc":{"start":{"line":30,"column":28},"end":{"line":30,"column":58}},"type":"binary-expr","locations":[{"start":{"line":30,"column":28},"end":{"line":30,"column":48}},{"start":{"line":30,"column":52},"end":{"line":30,"column":58}}]},"1":{"loc":{"start":{"line":31,"column":19},"end":{"line":31,"column":45}},"type":"binary-expr","locations":[{"start":{"line":31,"column":19},"end":{"line":31,"column":39}},{"start":{"line":31,"column":43},"end":{"line":31,"column":45}}]},"2":{"loc":{"start":{"line":34,"column":18},"end":{"line":34,"column":50}},"type":"binary-expr","locations":[{"start":{"line":34,"column":18},"end":{"line":34,"column":44}},{"start":{"line":34,"column":48},"end":{"line":34,"column":50}}]},"3":{"loc":{"start":{"line":35,"column":18},"end":{"line":35,"column":54}},"type":"binary-expr","locations":[{"start":{"line":35,"column":18},"end":{"line":35,"column":48}},{"start":{"line":35,"column":52},"end":{"line":35,"column":54}}]},"4":{"loc":{"start":{"line":36,"column":18},"end":{"line":36,"column":50}},"type":"binary-expr","locations":[{"start":{"line":36,"column":18},"end":{"line":36,"column":44}},{"start":{"line":36,"column":48},"end":{"line":36,"column":50}}]},"5":{"loc":{"start":{"line":37,"column":18},"end":{"line":37,"column":50}},"type":"binary-expr","locations":[{"start":{"line":37,"column":18},"end":{"line":37,"column":44}},{"start":{"line":37,"column":48},"end":{"line":37,"column":50}}]},"6":{"loc":{"start":{"line":38,"column":27},"end":{"line":38,"column":50}},"type":"binary-expr","locations":[{"start":{"line":38,"column":27},"end":{"line":38,"column":43}},{"start":{"line":38,"column":47},"end":{"line":38,"column":50}}]},"7":{"loc":{"start":{"line":39,"column":21},"end":{"line":39,"column":56}},"type":"binary-expr","locations":[{"start":{"line":39,"column":21},"end":{"line":39,"column":50}},{"start":{"line":39,"column":54},"end":{"line":39,"column":56}}]},"8":{"loc":{"start":{"line":42,"column":16},"end":{"line":42,"column":43}},"type":"binary-expr","locations":[{"start":{"line":42,"column":16},"end":{"line":42,"column":37}},{"start":{"line":42,"column":41},"end":{"line":42,"column":43}}]},"9":{"loc":{"start":{"line":43,"column":18},"end":{"line":43,"column":46}},"type":"binary-expr","locations":[{"start":{"line":43,"column":18},"end":{"line":43,"column":40}},{"start":{"line":43,"column":44},"end":{"line":43,"column":46}}]},"10":{"loc":{"start":{"line":44,"column":23},"end":{"line":44,"column":55}},"type":"binary-expr","locations":[{"start":{"line":44,"column":23},"end":{"line":44,"column":49}},{"start":{"line":44,"column":53},"end":{"line":44,"column":55}}]},"11":{"loc":{"start":{"line":47,"column":20},"end":{"line":47,"column":47}},"type":"binary-expr","locations":[{"start":{"line":47,"column":20},"end":{"line":47,"column":41}},{"start":{"line":47,"column":45},"end":{"line":47,"column":47}}]},"12":{"loc":{"start":{"line":48,"column":20},"end":{"line":48,"column":47}},"type":"binary-expr","locations":[{"start":{"line":48,"column":20},"end":{"line":48,"column":41}},{"start":{"line":48,"column":45},"end":{"line":48,"column":47}}]},"13":{"loc":{"start":{"line":49,"column":20},"end":{"line":49,"column":51}},"type":"binary-expr","locations":[{"start":{"line":49,"column":20},"end":{"line":49,"column":45}},{"start":{"line":49,"column":49},"end":{"line":49,"column":51}}]},"14":{"loc":{"start":{"line":50,"column":20},"end":{"line":50,"column":51}},"type":"binary-expr","locations":[{"start":{"line":50,"column":20},"end":{"line":50,"column":45}},{"start":{"line":50,"column":49},"end":{"line":50,"column":51}}]}},"s":{"0":1,"1":1,"2":1,"3":1,"4":1,"5":1,"6":1,"7":1,"8":1,"9":1,"10":1,"11":1,"12":1,"13":1,"14":1,"15":1,"16":1,"17":1,"18":1},"f":{"0":1,"1":1},"b":{"0":[1,0],"1":[1,0],"2":[1,0],"3":[1,0],"4":[1,0],"5":[1,0],"6":[1,0],"7":[1,0],"8":[1,0],"9":[1,0],"10":[1,0],"11":[1,0],"12":[1,0],"13":[1,0],"14":[1,0]}}
,"/home/silas/projects/expenses-api/src/server/db/models/expense.model.ts": {"path":"/home/silas/projects/expenses-api/src/server/db/models/expense.model.ts","statementMap":{"0":{"start":{"line":1,"column":0},"end":{"line":1,"column":null}},"1":{"start":{"line":9,"column":0},"end":{"line":9,"column":41}},"2":{"start":{"line":16,"column":7},"end":{"line":44,"column":null}},"3":{"start":{"line":16,"column":13},"end":{"line":16,"column":25}},"4":{"start":{"line":21,"column":2},"end":{"line":21,"column":null}},"5":{"start":{"line":27,"column":2},"end":{"line":27,"column":null}},"6":{"start":{"line":33,"column":2},"end":{"line":33,"column":null}},"7":{"start":{"line":40,"column":2},"end":{"line":40,"column":null}},"8":{"start":{"line":35,"column":20},"end":{"line":35,"column":29}},"9":{"start":{"line":43,"column":2},"end":{"line":43,"column":null}},"10":{"start":{"line":42,"column":19},"end":{"line":42,"column":28}},"11":{"start":{"line":16,"column":13},"end":{"line":44,"column":null}}},"fnMap":{"0":{"name":"(anonymous_2)","decl":{"start":{"line":35,"column":14},"end":{"line":35,"column":17}},"loc":{"start":{"line":35,"column":20},"end":{"line":35,"column":29}}},"1":{"name":"(anonymous_3)","decl":{"start":{"line":42,"column":13},"end":{"line":42,"column":16}},"loc":{"start":{"line":42,"column":19},"end":{"line":42,"column":28}}}},"branchMap":{},"s":{"0":1,"1":1,"2":1,"3":1,"4":1,"5":1,"6":1,"7":1,"8":0,"9":1,"10":0,"11":1},"f":{"0":0,"1":0},"b":{}}
,"/home/silas/projects/expenses-api/src/server/db/models/user.model.ts": {"path":"/home/silas/projects/expenses-api/src/server/db/models/user.model.ts","statementMap":{"0":{"start":{"line":1,"column":0},"end":{"line":1,"column":null}},"1":{"start":{"line":10,"column":0},"end":{"line":10,"column":36}},"2":{"start":{"line":11,"column":0},"end":{"line":11,"column":47}},"3":{"start":{"line":12,"column":0},"end":{"line":12,"column":55}},"4":{"start":{"line":19,"column":7},"end":{"line":52,"column":null}},"5":{"start":{"line":44,"column":4},"end":{"line":50,"column":5}},"6":{"start":{"line":45,"column":19},"end":{"line":45,"column":33}},"7":{"start":{"line":46,"column":23},"end":{"line":46,"column":56}},"8":{"start":{"line":47,"column":23},"end":{"line":47,"column":38}},"9":{"start":{"line":48,"column":24},"end":{"line":48,"column":73}},"10":{"start":{"line":49,"column":6},"end":{"line":49,"column":47}},"11":{"start":{"line":19,"column":13},"end":{"line":19,"column":22}},"12":{"start":{"line":24,"column":2},"end":{"line":24,"column":null}},"13":{"start":{"line":30,"column":2},"end":{"line":30,"column":null}},"14":{"start":{"line":36,"column":2},"end":{"line":36,"column":null}},"15":{"start":{"line":39,"column":2},"end":{"line":39,"column":null}},"16":{"start":{"line":38,"column":17},"end":{"line":38,"column":29}},"17":{"start":{"line":43,"column":15},"end":{"line":51,"column":null}},"18":{"start":{"line":19,"column":13},"end":{"line":52,"column":null}}},"fnMap":{"0":{"name":"(anonymous_2)","decl":{"start":{"line":43,"column":2},"end":{"line":43,"column":8}},"loc":{"start":{"line":43,"column":47},"end":{"line":51,"column":3}}},"1":{"name":"(anonymous_3)","decl":{"start":{"line":38,"column":11},"end":{"line":38,"column":14}},"loc":{"start":{"line":38,"column":17},"end":{"line":38,"column":29}}}},"branchMap":{"0":{"loc":{"start":{"line":44,"column":4},"end":{"line":50,"column":5}},"type":"if","locations":[{"start":{"line":44,"column":4},"end":{"line":50,"column":5}}]},"1":{"loc":{"start":{"line":44,"column":8},"end":{"line":44,"column":63}},"type":"binary-expr","locations":[{"start":{"line":44,"column":8},"end":{"line":44,"column":31}},{"start":{"line":44,"column":35},"end":{"line":44,"column":63}}]}},"s":{"0":1,"1":1,"2":1,"3":1,"4":1,"5":0,"6":0,"7":0,"8":0,"9":0,"10":0,"11":1,"12":1,"13":1,"14":1,"15":1,"16":0,"17":1,"18":1},"f":{"0":0,"1":0},"b":{"0":[0],"1":[0,0]}}
,"/home/silas/projects/expenses-api/src/server/service/expense.service.ts": {"path":"/home/silas/projects/expenses-api/src/server/service/expense.service.ts","statementMap":{"0":{"start":{"line":1,"column":0},"end":{"line":1,"column":58}},"1":{"start":{"line":6,"column":4},"end":{"line":6,"column":69}},"2":{"start":{"line":10,"column":4},"end":{"line":10,"column":51}},"3":{"start":{"line":11,"column":4},"end":{"line":11,"column":57}},"4":{"start":{"line":15,"column":4},"end":{"line":20,"column":5}},"5":{"start":{"line":16,"column":6},"end":{"line":16,"column":61}},"6":{"start":{"line":17,"column":6},"end":{"line":17,"column":18}},"7":{"start":{"line":19,"column":6},"end":{"line":19,"column":18}},"8":{"start":{"line":28,"column":4},"end":{"line":34,"column":5}},"9":{"start":{"line":29,"column":6},"end":{"line":29,"column":53}},"10":{"start":{"line":30,"column":6},"end":{"line":30,"column":64}},"11":{"start":{"line":31,"column":6},"end":{"line":31,"column":18}},"12":{"start":{"line":33,"column":6},"end":{"line":33,"column":18}},"13":{"start":{"line":38,"column":4},"end":{"line":44,"column":5}},"14":{"start":{"line":39,"column":6},"end":{"line":39,"column":53}},"15":{"start":{"line":40,"column":6},"end":{"line":40,"column":52}},"16":{"start":{"line":41,"column":6},"end":{"line":41,"column":18}},"17":{"start":{"line":43,"column":6},"end":{"line":43,"column":18}},"18":{"start":{"line":51,"column":4},"end":{"line":63,"column":5}},"19":{"start":{"line":52,"column":22},"end":{"line":54,"column":8}},"20":{"start":{"line":55,"column":6},"end":{"line":59,"column":7}},"21":{"start":{"line":56,"column":8},"end":{"line":58,"column":10}},"22":{"start":{"line":60,"column":6},"end":{"line":60,"column":18}},"23":{"start":{"line":62,"column":6},"end":{"line":62,"column":18}},"24":{"start":{"line":4,"column":0},"end":{"line":4,"column":13}}},"fnMap":{"0":{"name":"(anonymous_0)","decl":{"start":{"line":5,"column":2},"end":{"line":5,"column":7}},"loc":{"start":{"line":5,"column":29},"end":{"line":7,"column":3}}},"1":{"name":"(anonymous_1)","decl":{"start":{"line":9,"column":2},"end":{"line":9,"column":7}},"loc":{"start":{"line":9,"column":42},"end":{"line":12,"column":3}}},"2":{"name":"(anonymous_2)","decl":{"start":{"line":14,"column":2},"end":{"line":14,"column":7}},"loc":{"start":{"line":14,"column":48},"end":{"line":21,"column":3}}},"3":{"name":"(anonymous_3)","decl":{"start":{"line":23,"column":2},"end":{"line":23,"column":7}},"loc":{"start":{"line":26,"column":21},"end":{"line":35,"column":3}}},"4":{"name":"(anonymous_4)","decl":{"start":{"line":37,"column":2},"end":{"line":37,"column":7}},"loc":{"start":{"line":37,"column":41},"end":{"line":45,"column":3}}},"5":{"name":"(anonymous_5)","decl":{"start":{"line":47,"column":10},"end":{"line":47,"column":15}},"loc":{"start":{"line":49,"column":18},"end":{"line":64,"column":3}}}},"branchMap":{"0":{"loc":{"start":{"line":55,"column":6},"end":{"line":59,"column":7}},"type":"if","locations":[{"start":{"line":55,"column":6},"end":{"line":59,"column":7}}]}},"s":{"0":1,"1":1,"2":4,"3":1,"4":1,"5":1,"6":1,"7":0,"8":1,"9":1,"10":1,"11":1,"12":0,"13":1,"14":1,"15":1,"16":1,"17":0,"18":6,"19":6,"20":6,"21":3,"22":3,"23":3,"24":1},"f":{"0":1,"1":4,"2":1,"3":1,"4":1,"5":6},"b":{"0":[3]}}
}
