TN:
SF:src/config/env.config.ts
FN:23,(anonymous_6)
FN:28,(anonymous_7)
FNF:2
FNH:2
FNDA:1,(anonymous_6)
FNDA:1,(anonymous_7)
DA:1,1
DA:24,1
DA:25,1
DA:30,1
DA:31,1
DA:34,1
DA:35,1
DA:36,1
DA:37,1
DA:38,1
DA:39,1
DA:42,1
DA:43,1
DA:44,1
DA:47,1
DA:48,1
DA:49,1
DA:50,1
DA:54,1
LF:19
LH:19
BRDA:30,0,0,1
BRDA:30,0,1,0
BRDA:31,1,0,1
BRDA:31,1,1,0
BRDA:34,2,0,1
BRDA:34,2,1,0
BRDA:35,3,0,1
BRDA:35,3,1,0
BRDA:36,4,0,1
BRDA:36,4,1,0
BRDA:37,5,0,1
BRDA:37,5,1,0
BRDA:38,6,0,1
BRDA:38,6,1,0
BRDA:39,7,0,1
BRDA:39,7,1,0
BRDA:42,8,0,1
BRDA:42,8,1,0
BRDA:43,9,0,1
BRDA:43,9,1,0
BRDA:44,10,0,1
BRDA:44,10,1,0
BRDA:47,11,0,1
BRDA:47,11,1,0
BRDA:48,12,0,1
BRDA:48,12,1,0
BRDA:49,13,0,1
BRDA:49,13,1,0
BRDA:50,14,0,1
BRDA:50,14,1,0
BRF:30
BRH:15
end_of_record
TN:
SF:src/server/db/models/expense.model.ts
FN:35,(anonymous_2)
FN:42,(anonymous_3)
FNF:2
FNH:0
FNDA:0,(anonymous_2)
FNDA:0,(anonymous_3)
DA:1,1
DA:9,1
DA:16,1
DA:21,1
DA:27,1
DA:33,1
DA:35,0
DA:40,1
DA:42,0
DA:43,1
LF:10
LH:8
BRF:0
BRH:0
end_of_record
TN:
SF:src/server/db/models/user.model.ts
FN:43,(anonymous_2)
FN:38,(anonymous_3)
FNF:2
FNH:0
FNDA:0,(anonymous_2)
FNDA:0,(anonymous_3)
DA:1,1
DA:10,1
DA:11,1
DA:12,1
DA:19,1
DA:24,1
DA:30,1
DA:36,1
DA:38,0
DA:39,1
DA:43,1
DA:44,0
DA:45,0
DA:46,0
DA:47,0
DA:48,0
DA:49,0
LF:17
LH:10
BRDA:44,0,0,0
BRDA:44,1,0,0
BRDA:44,1,1,0
BRF:3
BRH:0
end_of_record
TN:
SF:src/server/service/expense.service.ts
FN:5,(anonymous_0)
FN:9,(anonymous_1)
FN:14,(anonymous_2)
FN:23,(anonymous_3)
FN:37,(anonymous_4)
FN:47,(anonymous_5)
FNF:6
FNH:6
FNDA:1,(anonymous_0)
FNDA:4,(anonymous_1)
FNDA:1,(anonymous_2)
FNDA:1,(anonymous_3)
FNDA:1,(anonymous_4)
FNDA:6,(anonymous_5)
DA:1,1
DA:4,1
DA:6,1
DA:10,4
DA:11,1
DA:15,1
DA:16,1
DA:17,1
DA:19,0
DA:28,1
DA:29,1
DA:30,1
DA:31,1
DA:33,0
DA:38,1
DA:39,1
DA:40,1
DA:41,1
DA:43,0
DA:51,6
DA:52,6
DA:55,6
DA:56,3
DA:60,3
DA:62,3
LF:25
LH:22
BRDA:55,0,0,3
BRF:1
BRH:1
end_of_record
